<?xml version="1.0" encoding="UTF-8"?>
<!-- Generated by org.testng.reporters.JUnitXMLReporter -->
<testsuite hostname="sajjad-PC" ignored="8" name="Test" tests="5" failures="3" timestamp="29 Jan 2019 19:41:49 GMT" time="18.152" errors="0">
  <testcase name="@BeforeMethod adminLogin" time="11.332" classname="com.primusbank.constants.AdminModuleConstants">
    <failure type="org.openqa.selenium.WebDriverException" message="Returned value cannot be converted to WebElement: Please fill in the following fields: 
--Password

Build info: version: &amp;apos;2.53.1&amp;apos;, revision: &amp;apos;a36b8b1&amp;apos;, time: &amp;apos;2016-06-30 17:32:46&amp;apos;
System info: host: &amp;apos;sajjad-PC&amp;apos;, ip: &amp;apos;192.168.0.105&amp;apos;, os.name: &amp;apos;Windows 7&amp;apos;, os.arch: &amp;apos;amd64&amp;apos;, os.version: &amp;apos;6.1&amp;apos;, java.version: &amp;apos;1.8.0_111&amp;apos;
Driver info: driver.version: RemoteWebDriver">
      <![CDATA[org.openqa.selenium.WebDriverException: Returned value cannot be converted to WebElement: Please fill in the following fields: 
--Password

Build info: version: '2.53.1', revision: 'a36b8b1', time: '2016-06-30 17:32:46'
System info: host: 'sajjad-PC', ip: '192.168.0.105', os.name: 'Windows 7', os.arch: 'amd64', os.version: '6.1', java.version: '1.8.0_111'
Driver info: driver.version: RemoteWebDriver
at org.openqa.selenium.remote.RemoteWebDriver.findElement(RemoteWebDriver.java:370)
at org.openqa.selenium.remote.RemoteWebDriver.findElementById(RemoteWebDriver.java:413)
at org.openqa.selenium.By$ById.findElement(By.java:218)
at org.openqa.selenium.remote.RemoteWebDriver.findElement(RemoteWebDriver.java:355)
at com.primusbank.library.PrimusBankHomePage.login(PrimusBankHomePage.java:24)
at com.primusbank.library.PrimusBankHomePage.adminLogin(PrimusBankHomePage.java:36)
at com.primusbank.constants.AdminModuleConstants.adminLogin(AdminModuleConstants.java:18)
Caused by: java.lang.ClassCastException: java.lang.String cannot be cast to org.openqa.selenium.WebElement
at org.openqa.selenium.remote.RemoteWebDriver.findElement(RemoteWebDriver.java:368)
... 34 more
... Removed 28 stack frames]]>
    </failure>
  </testcase> <!-- @BeforeMethod adminLogin -->
  <testcase name="@AfterMethod adminLogout" time="0.0" classname="com.primusbank.constants.AdminModuleConstants">
    <skipped/>
  </testcase> <!-- @AfterMethod adminLogout -->
  <testcase name="keywordDrivenTest" time="0.007" classname="com.primusbank.tests.PrimusBankHybridTest">
    <failure type="java.io.FileNotFoundException" message="D:\Frameworks1130\PrimusBankHybridTest\src\com\primusbank\keywords\PrimusBankKeywords.xlsx (The system cannot find the path specified)">
      <![CDATA[java.io.FileNotFoundException: D:\Frameworks1130\PrimusBankHybridTest\src\com\primusbank\keywords\PrimusBankKeywords.xlsx (The system cannot find the path specified)
at java.io.FileInputStream.open0(Native Method)
at java.io.FileInputStream.open(Unknown Source)
at java.io.FileInputStream.<init>(Unknown Source)
at java.io.FileInputStream.<init>(Unknown Source)
at com.utils.XLUtils.getRowCount(XLUtils.java:33)
at com.primusbank.tests.PrimusBankHybridTest.keywordDrivenTest(PrimusBankHybridTest.java:34)
... Removed 25 stack frames]]>
    </failure>
  </testcase> <!-- keywordDrivenTest -->
  <testcase name="adminLoginTest" time="1.854" classname="com.primusbank.tests.AdminLoginTest"/>
  <testcase name="bankerLoginTest" time="2.994" classname="com.primusbank.tests.BankerLoginTest">
    <failure type="org.openqa.selenium.UnhandledAlertException" message="Unexpected modal dialog (text: InCorrect BankerName/Password): InCorrect BankerName/Password
Build info: version: &amp;apos;2.53.1&amp;apos;, revision: &amp;apos;a36b8b1&amp;apos;, time: &amp;apos;2016-06-30 17:32:46&amp;apos;
System info: host: &amp;apos;sajjad-PC&amp;apos;, ip: &amp;apos;192.168.0.105&amp;apos;, os.name: &amp;apos;Windows 7&amp;apos;, os.arch: &amp;apos;amd64&amp;apos;, os.version: &amp;apos;6.1&amp;apos;, java.version: &amp;apos;1.8.0_111&amp;apos;
Driver info: org.openqa.selenium.firefox.FirefoxDriver
Capabilities [{applicationCacheEnabled=true, rotatable=false, handlesAlerts=true, databaseEnabled=true, version=47.0.1, platform=WINDOWS, nativeEvents=false, acceptSslCerts=true, webStorageEnabled=true, locationContextEnabled=true, browserName=firefox, takesScreenshot=true, javascriptEnabled=true, cssSelectorsEnabled=true}]
Session ID: 41e7b4c6-34c4-443a-9a8f-a822ce5f8f65">
      <![CDATA[org.openqa.selenium.UnhandledAlertException: Unexpected modal dialog (text: InCorrect BankerName/Password): InCorrect BankerName/Password
Build info: version: '2.53.1', revision: 'a36b8b1', time: '2016-06-30 17:32:46'
System info: host: 'sajjad-PC', ip: '192.168.0.105', os.name: 'Windows 7', os.arch: 'amd64', os.version: '6.1', java.version: '1.8.0_111'
Driver info: org.openqa.selenium.firefox.FirefoxDriver
Capabilities [{applicationCacheEnabled=true, rotatable=false, handlesAlerts=true, databaseEnabled=true, version=47.0.1, platform=WINDOWS, nativeEvents=false, acceptSslCerts=true, webStorageEnabled=true, locationContextEnabled=true, browserName=firefox, takesScreenshot=true, javascriptEnabled=true, cssSelectorsEnabled=true}]
Session ID: 41e7b4c6-34c4-443a-9a8f-a822ce5f8f65
at org.openqa.selenium.remote.ErrorHandler.createThrowable(ErrorHandler.java:206)
at org.openqa.selenium.remote.ErrorHandler.createUnhandledAlertException(ErrorHandler.java:187)
at org.openqa.selenium.remote.ErrorHandler.throwIfResponseFailed(ErrorHandler.java:154)
at org.openqa.selenium.remote.RemoteWebDriver.execute(RemoteWebDriver.java:678)
at org.openqa.selenium.remote.RemoteWebDriver.execute(RemoteWebDriver.java:701)
at org.openqa.selenium.remote.RemoteWebDriver.getCurrentUrl(RemoteWebDriver.java:326)
at com.primusbank.library.PrimusBankHomePage.bankerLogin(PrimusBankHomePage.java:57)
at com.primusbank.tests.BankerLoginTest.bankerLoginTest(BankerLoginTest.java:22)
... Removed 29 stack frames]]>
    </failure>
  </testcase> <!-- bankerLoginTest -->
  <testcase name="customerLoginTest" time="1.908" classname="com.primusbank.tests.CustomerLoginTest">
    <failure type="org.openqa.selenium.UnhandledAlertException" message="Unexpected modal dialog (text: Incorrect UserName Or PassWord): Incorrect UserName Or PassWord
Build info: version: &amp;apos;2.53.1&amp;apos;, revision: &amp;apos;a36b8b1&amp;apos;, time: &amp;apos;2016-06-30 17:32:46&amp;apos;
System info: host: &amp;apos;sajjad-PC&amp;apos;, ip: &amp;apos;192.168.0.105&amp;apos;, os.name: &amp;apos;Windows 7&amp;apos;, os.arch: &amp;apos;amd64&amp;apos;, os.version: &amp;apos;6.1&amp;apos;, java.version: &amp;apos;1.8.0_111&amp;apos;
Driver info: org.openqa.selenium.firefox.FirefoxDriver
Capabilities [{applicationCacheEnabled=true, rotatable=false, handlesAlerts=true, databaseEnabled=true, version=47.0.1, platform=WINDOWS, nativeEvents=false, acceptSslCerts=true, webStorageEnabled=true, locationContextEnabled=true, browserName=firefox, takesScreenshot=true, javascriptEnabled=true, cssSelectorsEnabled=true}]
Session ID: 41e7b4c6-34c4-443a-9a8f-a822ce5f8f65">
      <![CDATA[org.openqa.selenium.UnhandledAlertException: Unexpected modal dialog (text: Incorrect UserName Or PassWord): Incorrect UserName Or PassWord
Build info: version: '2.53.1', revision: 'a36b8b1', time: '2016-06-30 17:32:46'
System info: host: 'sajjad-PC', ip: '192.168.0.105', os.name: 'Windows 7', os.arch: 'amd64', os.version: '6.1', java.version: '1.8.0_111'
Driver info: org.openqa.selenium.firefox.FirefoxDriver
Capabilities [{applicationCacheEnabled=true, rotatable=false, handlesAlerts=true, databaseEnabled=true, version=47.0.1, platform=WINDOWS, nativeEvents=false, acceptSslCerts=true, webStorageEnabled=true, locationContextEnabled=true, browserName=firefox, takesScreenshot=true, javascriptEnabled=true, cssSelectorsEnabled=true}]
Session ID: 41e7b4c6-34c4-443a-9a8f-a822ce5f8f65
at org.openqa.selenium.remote.ErrorHandler.createThrowable(ErrorHandler.java:206)
at org.openqa.selenium.remote.ErrorHandler.createUnhandledAlertException(ErrorHandler.java:187)
at org.openqa.selenium.remote.ErrorHandler.throwIfResponseFailed(ErrorHandler.java:154)
at org.openqa.selenium.remote.RemoteWebDriver.execute(RemoteWebDriver.java:678)
at org.openqa.selenium.remote.RemoteWebDriver.execute(RemoteWebDriver.java:701)
at org.openqa.selenium.remote.RemoteWebDriver.getCurrentUrl(RemoteWebDriver.java:326)
at com.primusbank.library.PrimusBankHomePage.customerLogin(PrimusBankHomePage.java:78)
at com.primusbank.tests.CustomerLoginTest.customerLoginTest(CustomerLoginTest.java:20)
... Removed 29 stack frames]]>
    </failure>
  </testcase> <!-- customerLoginTest -->
  <testcase name="newBranchCreation" time="0.0" classname="com.primusbank.tests.NewBranchCreationTest">
    <skipped/>
  </testcase> <!-- newBranchCreation -->
  <testcase name="@AfterSuite closeApp" time="0.0" classname="com.primusbank.constants.PrimusBankConstants">
    <ignored/>
  </testcase> <!-- @AfterSuite closeApp -->
  <testcase name="@AfterSuite closeApp" time="0.0" classname="com.primusbank.constants.PrimusBankConstants">
    <ignored/>
  </testcase> <!-- @AfterSuite closeApp -->
  <testcase name="@AfterSuite closeApp" time="0.0" classname="com.primusbank.constants.PrimusBankConstants">
    <ignored/>
  </testcase> <!-- @AfterSuite closeApp -->
  <testcase name="@AfterSuite closeApp" time="0.0" classname="com.primusbank.constants.PrimusBankConstants">
    <ignored/>
  </testcase> <!-- @AfterSuite closeApp -->
  <testcase name="@BeforeSuite launchApp" time="0.0" classname="com.primusbank.constants.PrimusBankConstants">
    <ignored/>
  </testcase> <!-- @BeforeSuite launchApp -->
  <testcase name="@BeforeSuite launchApp" time="0.0" classname="com.primusbank.constants.PrimusBankConstants">
    <ignored/>
  </testcase> <!-- @BeforeSuite launchApp -->
  <testcase name="@BeforeSuite launchApp" time="0.0" classname="com.primusbank.constants.PrimusBankConstants">
    <ignored/>
  </testcase> <!-- @BeforeSuite launchApp -->
  <testcase name="@BeforeSuite launchApp" time="0.0" classname="com.primusbank.constants.PrimusBankConstants">
    <ignored/>
  </testcase> <!-- @BeforeSuite launchApp -->
</testsuite> <!-- Test -->
